[10Apr2025 00:00:06.233] [Server thread/INFO] [net.minecraft.server.MinecraftServer/]: ELROMPECLITOS tried to swim in lava
[10Apr2025 00:00:19.513] [Server thread/WARN] [net.minecraft.server.MinecraftServer/]: Can't keep up! Is the server overloaded? Running 2020ms or 40 ticks behind
[10Apr2025 00:00:40.713] [Server thread/WARN] [net.minecraft.server.MinecraftServer/]: Can't keep up! Is the server overloaded? Running 2020ms or 40 ticks behind
[10Apr2025 00:00:58.673] [Worker-Main-2/INFO] [dev.corgitaco.featurerecycler.FeatureRecycler/]: Starting feature recycler...
[10Apr2025 00:01:00.303] [Worker-Main-2/INFO] [dev.corgitaco.featurerecycler.FeatureRecycler/]: Finished recycling features. Took 1630ms
[10Apr2025 00:01:00.628] [Server thread/WARN] [net.minecraft.server.MinecraftServer/]: Can't keep up! Is the server overloaded? Running 4935ms or 98 ticks behind
[10Apr2025 00:01:22.585] [Server thread/WARN] [net.minecraft.server.MinecraftServer/]: Can't keep up! Is the server overloaded? Running 6992ms or 139 ticks behind
[10Apr2025 00:01:40.850] [Server thread/WARN] [net.minecraft.server.MinecraftServer/]: Can't keep up! Is the server overloaded? Running 3307ms or 66 ticks behind
[10Apr2025 00:01:58.921] [Server thread/WARN] [net.minecraft.server.MinecraftServer/]: Can't keep up! Is the server overloaded? Running 3078ms or 61 ticks behind
[10Apr2025 00:02:16.938] [Server thread/WARN] [net.minecraft.server.MinecraftServer/]: Can't keep up! Is the server overloaded? Running 3045ms or 60 ticks behind
[10Apr2025 00:02:35.041] [Server thread/WARN] [net.minecraft.server.MinecraftServer/]: Can't keep up! Is the server overloaded? Running 3149ms or 62 ticks behind
[10Apr2025 00:02:53.132] [Server thread/WARN] [net.minecraft.server.MinecraftServer/]: Can't keep up! Is the server overloaded? Running 3139ms or 62 ticks behind
[10Apr2025 00:03:10.698] [Server thread/WARN] [net.minecraft.server.MinecraftServer/]: Can't keep up! Is the server overloaded? Running 2605ms or 52 ticks behind
[10Apr2025 00:03:27.921] [Server thread/WARN] [net.minecraft.server.MinecraftServer/]: Can't keep up! Is the server overloaded? Running 2228ms or 44 ticks behind
[10Apr2025 00:03:45.720] [Server thread/WARN] [net.minecraft.server.MinecraftServer/]: Can't keep up! Is the server overloaded? Running 2027ms or 40 ticks behind
[10Apr2025 00:04:08.204] [Server thread/WARN] [net.minecraft.server.MinecraftServer/]: Can't keep up! Is the server overloaded? Running 2011ms or 40 ticks behind
[10Apr2025 00:04:26.969] [Server thread/WARN] [net.minecraft.server.MinecraftServer/]: Can't keep up! Is the server overloaded? Running 3776ms or 75 ticks behind
[10Apr2025 00:04:46.316] [Server thread/WARN] [net.minecraft.server.MinecraftServer/]: Can't keep up! Is the server overloaded? Running 4374ms or 87 ticks behind
[10Apr2025 00:05:04.410] [Server thread/WARN] [net.minecraft.server.MinecraftServer/]: Can't keep up! Is the server overloaded? Running 3117ms or 62 ticks behind
[10Apr2025 00:05:19.491] [Server thread/WARN] [net.minecraft.network.syncher.SynchedEntityData/]: defineId called for: class dev.itsmeow.whisperwoods.entity.EntityHidebehind from class dev.itsmeow.whisperwoods.imdlib.entity.EntityTypeContainer
[10Apr2025 00:05:22.351] [Server thread/WARN] [net.minecraft.server.MinecraftServer/]: Can't keep up! Is the server overloaded? Running 2958ms or 59 ticks behind
[10Apr2025 00:05:39.883] [Server thread/WARN] [net.minecraft.server.MinecraftServer/]: Can't keep up! Is the server overloaded? Running 2540ms or 50 ticks behind
[10Apr2025 00:05:59.422] [Server thread/WARN] [net.minecraft.server.MinecraftServer/]: Can't keep up! Is the server overloaded? Running 4579ms or 91 ticks behind
[10Apr2025 00:06:20.351] [Server thread/WARN] [net.minecraft.server.MinecraftServer/]: Can't keep up! Is the server overloaded? Running 5958ms or 119 ticks behind
[10Apr2025 00:06:39.553] [Server thread/WARN] [net.minecraft.server.MinecraftServer/]: Can't keep up! Is the server overloaded? Running 4210ms or 84 ticks behind
[10Apr2025 00:06:58.230] [Server thread/WARN] [net.minecraft.server.MinecraftServer/]: Can't keep up! Is the server overloaded? Running 3687ms or 73 ticks behind
[10Apr2025 00:07:15.297] [Server thread/WARN] [net.minecraft.server.MinecraftServer/]: Can't keep up! Is the server overloaded? Running 2105ms or 42 ticks behind
[10Apr2025 00:07:34.349] [Server thread/WARN] [net.minecraft.server.MinecraftServer/]: Can't keep up! Is the server overloaded? Running 2006ms or 40 ticks behind
[10Apr2025 00:07:51.572] [Server thread/WARN] [net.minecraft.server.MinecraftServer/]: Can't keep up! Is the server overloaded? Running 2229ms or 44 ticks behind
[10Apr2025 00:08:09.093] [Server thread/WARN] [net.minecraft.server.MinecraftServer/]: Can't keep up! Is the server overloaded? Running 2550ms or 51 ticks behind
[10Apr2025 00:08:26.853] [Server thread/WARN] [net.minecraft.server.MinecraftServer/]: Can't keep up! Is the server overloaded? Running 2760ms or 55 ticks behind
[10Apr2025 00:08:46.152] [Server thread/WARN] [net.minecraft.server.MinecraftServer/]: Can't keep up! Is the server overloaded? Running 4309ms or 86 ticks behind
[10Apr2025 00:09:03.171] [Server thread/INFO] [net.minecraft.server.MinecraftServer/]: ELROMPECLITOS has made the advancement [Cover Me with Diamonds]
[10Apr2025 00:09:05.343] [Server thread/WARN] [net.minecraft.server.MinecraftServer/]: Can't keep up! Is the server overloaded? Running 4201ms or 84 ticks behind
[10Apr2025 00:09:24.982] [Server thread/WARN] [net.minecraft.server.MinecraftServer/]: Can't keep up! Is the server overloaded? Running 4639ms or 92 ticks behind
[10Apr2025 00:09:43.909] [Server thread/WARN] [net.minecraft.server.MinecraftServer/]: Can't keep up! Is the server overloaded? Running 3967ms or 79 ticks behind
[10Apr2025 00:09:54.936] [Server thread/INFO] [net.minecraft.server.MinecraftServer/]: geotrush has made the advancement [Stay dead]
[10Apr2025 00:10:02.757] [Server thread/WARN] [net.minecraft.server.MinecraftServer/]: Can't keep up! Is the server overloaded? Running 3864ms or 77 ticks behind
[10Apr2025 00:10:11.083] [Server thread/INFO] [net.minecraft.server.MinecraftServer/]: geotrush has made the advancement [Source of Evil]
[10Apr2025 00:10:21.741] [Server thread/WARN] [net.minecraft.server.MinecraftServer/]: Can't keep up! Is the server overloaded? Running 3999ms or 79 ticks behind
[10Apr2025 00:10:40.370] [Server thread/WARN] [net.minecraft.server.MinecraftServer/]: Can't keep up! Is the server overloaded? Running 3678ms or 73 ticks behind
[10Apr2025 00:10:58.715] [Server thread/WARN] [net.minecraft.server.MinecraftServer/]: Can't keep up! Is the server overloaded? Running 3373ms or 67 ticks behind
[10Apr2025 00:11:17.035] [Server thread/WARN] [net.minecraft.server.MinecraftServer/]: Can't keep up! Is the server overloaded? Running 3342ms or 66 ticks behind
[10Apr2025 00:11:35.744] [Server thread/WARN] [net.minecraft.server.MinecraftServer/]: Can't keep up! Is the server overloaded? Running 3751ms or 75 ticks behind
[10Apr2025 00:11:54.565] [Server thread/WARN] [net.minecraft.server.MinecraftServer/]: Can't keep up! Is the server overloaded? Running 3822ms or 76 ticks behind
[10Apr2025 00:12:12.990] [Server thread/WARN] [net.minecraft.server.MinecraftServer/]: Can't keep up! Is the server overloaded? Running 3447ms or 68 ticks behind
[10Apr2025 00:12:30.777] [Server thread/WARN] [net.minecraft.server.MinecraftServer/]: Can't keep up! Is the server overloaded? Running 2834ms or 56 ticks behind
[10Apr2025 00:12:48.853] [Server thread/WARN] [net.minecraft.server.MinecraftServer/]: Can't keep up! Is the server overloaded? Running 3110ms or 62 ticks behind
[10Apr2025 00:13:06.863] [Server thread/WARN] [net.minecraft.server.MinecraftServer/]: Can't keep up! Is the server overloaded? Running 3020ms or 60 ticks behind
[10Apr2025 00:13:24.711] [Server thread/WARN] [net.minecraft.server.MinecraftServer/]: Can't keep up! Is the server overloaded? Running 2868ms or 57 ticks behind
[10Apr2025 00:13:42.889] [Server thread/WARN] [net.minecraft.server.MinecraftServer/]: Can't keep up! Is the server overloaded? Running 3196ms or 63 ticks behind
[10Apr2025 00:14:03.164] [Server thread/WARN] [net.minecraft.server.MinecraftServer/]: Can't keep up! Is the server overloaded? Running 5321ms or 106 ticks behind
[10Apr2025 00:14:23.592] [Server thread/WARN] [net.minecraft.server.MinecraftServer/]: Can't keep up! Is the server overloaded? Running 5449ms or 108 ticks behind
[10Apr2025 00:14:31.992] [Server thread/INFO] [net.minecraft.server.MinecraftServer/]: geotrush was slain by Zombie
[10Apr2025 00:14:40.896] [Server thread/WARN] [net.minecraft.server.MinecraftServer/]: Can't keep up! Is the server overloaded? Running 2353ms or 47 ticks behind
[10Apr2025 00:14:59.471] [Server thread/WARN] [net.minecraft.server.MinecraftServer/]: Can't keep up! Is the server overloaded? Running 3578ms or 71 ticks behind
[10Apr2025 00:15:09.019] [Server thread/INFO] [net.minecraft.server.MinecraftServer/]: <geotrush> AAAAAA
[10Apr2025 00:15:17.216] [Server thread/WARN] [net.minecraft.server.MinecraftServer/]: Can't keep up! Is the server overloaded? Running 2773ms or 55 ticks behind
[10Apr2025 00:15:28.384] [Server thread/INFO] [net.minecraft.server.MinecraftServer/]: <geotrush> aaa
[10Apr2025 00:15:35.275] [Server thread/WARN] [net.minecraft.server.MinecraftServer/]: Can't keep up! Is the server overloaded? Running 3082ms or 61 ticks behind
[10Apr2025 00:15:53.412] [Server thread/WARN] [net.minecraft.server.MinecraftServer/]: Can't keep up! Is the server overloaded? Running 3169ms or 63 ticks behind
[10Apr2025 00:16:12.004] [Server thread/WARN] [net.minecraft.server.MinecraftServer/]: Can't keep up! Is the server overloaded? Running 3611ms or 72 ticks behind
[10Apr2025 00:16:29.868] [Server thread/WARN] [net.minecraft.server.MinecraftServer/]: Can't keep up! Is the server overloaded? Running 2876ms or 57 ticks behind
[10Apr2025 00:16:34.822] [Server thread/INFO] [net.minecraft.server.MinecraftServer/]: <geotrush> aaaaaa
[10Apr2025 00:16:44.234] [Server thread/INFO] [net.minecraft.server.MinecraftServer/]: geotrush was shot by Skeleton
[10Apr2025 00:16:47.088] [Server thread/WARN] [net.minecraft.server.MinecraftServer/]: Can't keep up! Is the server overloaded? Running 2245ms or 44 ticks behind
[10Apr2025 00:17:06.044] [Server thread/WARN] [net.minecraft.server.MinecraftServer/]: Can't keep up! Is the server overloaded? Running 2002ms or 40 ticks behind
[10Apr2025 00:17:10.742] [Server thread/INFO] [net.minecraft.server.MinecraftServer/]: <geotrush> aaaa
[10Apr2025 00:17:23.945] [Server thread/WARN] [net.minecraft.server.MinecraftServer/]: Can't keep up! Is the server overloaded? Running 2902ms or 58 ticks behind
[10Apr2025 00:17:41.072] [Server thread/WARN] [net.minecraft.server.MinecraftServer/]: Can't keep up! Is the server overloaded? Running 2129ms or 42 ticks behind
[10Apr2025 00:17:45.057] [Server thread/INFO] [net.minecraft.server.MinecraftServer/]: <geotrush> aaa
[10Apr2025 00:17:57.061] [Server thread/INFO] [net.minecraft.server.MinecraftServer/]: <geotrush> aaaaaaaaaaaaaaaaaaaaaaaaa
[10Apr2025 00:18:02.546] [Server thread/WARN] [net.minecraft.server.MinecraftServer/]: Can't keep up! Is the server overloaded? Running 2003ms or 40 ticks behind
[10Apr2025 00:18:20.598] [Server thread/WARN] [net.minecraft.server.MinecraftServer/]: Can't keep up! Is the server overloaded? Running 3055ms or 61 ticks behind
[10Apr2025 00:18:28.576] [Server thread/INFO] [net.minecraft.server.MinecraftServer/]: geotrush fell from a high place
[10Apr2025 00:18:32.019] [Server thread/INFO] [net.minecraft.server.MinecraftServer/]: <geotrush> aaaaaaaaa
[10Apr2025 00:18:38.780] [Server thread/WARN] [net.minecraft.server.MinecraftServer/]: Can't keep up! Is the server overloaded? Running 3187ms or 63 ticks behind
[10Apr2025 00:18:58.094] [Server thread/WARN] [net.minecraft.server.MinecraftServer/]: Can't keep up! Is the server overloaded? Running 4351ms or 87 ticks behind
[10Apr2025 00:19:16.931] [Server thread/WARN] [net.minecraft.server.MinecraftServer/]: Can't keep up! Is the server overloaded? Running 3838ms or 76 ticks behind
[10Apr2025 00:19:35.792] [Server thread/WARN] [net.minecraft.server.MinecraftServer/]: Can't keep up! Is the server overloaded? Running 3899ms or 77 ticks behind
[10Apr2025 00:19:47.601] [Server thread/INFO] [net.minecraft.server.MinecraftServer/]: geotrush was slain by Wraith
[10Apr2025 00:19:54.313] [Server thread/WARN] [net.minecraft.server.MinecraftServer/]: Can't keep up! Is the server overloaded? Running 3570ms or 71 ticks behind
[10Apr2025 00:20:09.151] [Server thread/INFO] [net.minecraft.server.MinecraftServer/]: <geotrush> aaaa
[10Apr2025 00:20:12.558] [Server thread/WARN] [net.minecraft.server.MinecraftServer/]: Can't keep up! Is the server overloaded? Running 3266ms or 65 ticks behind
[10Apr2025 00:20:30.892] [Server thread/WARN] [net.minecraft.server.MinecraftServer/]: Can't keep up! Is the server overloaded? Running 3349ms or 66 ticks behind
[10Apr2025 00:20:49.585] [Server thread/WARN] [net.minecraft.server.MinecraftServer/]: Can't keep up! Is the server overloaded? Running 3742ms or 74 ticks behind
[10Apr2025 00:20:56.322] [Server thread/INFO] [net.minecraft.server.MinecraftServer/]: geotrush hit the ground too hard whilst trying to escape Zotzpyre
[10Apr2025 00:21:07.709] [Server thread/WARN] [net.minecraft.server.MinecraftServer/]: Can't keep up! Is the server overloaded? Running 3166ms or 63 ticks behind
[10Apr2025 00:21:25.818] [Server thread/WARN] [net.minecraft.server.MinecraftServer/]: Can't keep up! Is the server overloaded? Running 3125ms or 62 ticks behind
[10Apr2025 00:21:26.252] [Server thread/INFO] [net.minecraft.server.MinecraftServer/]: <geotrush> aaaaaaa
[10Apr2025 00:21:44.063] [Server thread/WARN] [net.minecraft.server.MinecraftServer/]: Can't keep up! Is the server overloaded? Running 3271ms or 65 ticks behind
[10Apr2025 00:22:02.917] [Server thread/WARN] [net.minecraft.server.MinecraftServer/]: Can't keep up! Is the server overloaded? Running 3874ms or 77 ticks behind
[10Apr2025 00:22:21.464] [Server thread/WARN] [net.minecraft.server.MinecraftServer/]: Can't keep up! Is the server overloaded? Running 3571ms or 71 ticks behind
[10Apr2025 00:22:40.869] [Server thread/WARN] [net.minecraft.server.MinecraftServer/]: Can't keep up! Is the server overloaded? Running 4427ms or 88 ticks behind
[10Apr2025 00:23:02.836] [Server thread/WARN] [net.minecraft.server.MinecraftServer/]: Can't keep up! Is the server overloaded? Running 6993ms or 139 ticks behind
[10Apr2025 00:23:27.920] [Server thread/WARN] [net.minecraft.server.MinecraftServer/]: Can't keep up! Is the server overloaded? Running 10127ms or 202 ticks behind
[10Apr2025 00:23:48.721] [Server thread/WARN] [net.minecraft.server.MinecraftServer/]: Can't keep up! Is the server overloaded? Running 5828ms or 116 ticks behind
[10Apr2025 00:24:08.560] [Server thread/WARN] [net.minecraft.server.MinecraftServer/]: Can't keep up! Is the server overloaded? Running 4867ms or 97 ticks behind
[10Apr2025 00:24:28.578] [Server thread/WARN] [net.minecraft.server.MinecraftServer/]: Can't keep up! Is the server overloaded? Running 5035ms or 100 ticks behind
[10Apr2025 00:24:47.706] [Server thread/WARN] [net.minecraft.server.MinecraftServer/]: Can't keep up! Is the server overloaded? Running 4163ms or 83 ticks behind
[10Apr2025 00:25:06.779] [Server thread/WARN] [net.minecraft.server.MinecraftServer/]: Can't keep up! Is the server overloaded? Running 4086ms or 81 ticks behind
[10Apr2025 00:25:25.418] [Server thread/WARN] [net.minecraft.server.MinecraftServer/]: Can't keep up! Is the server overloaded? Running 3676ms or 73 ticks behind
[10Apr2025 00:25:44.304] [Server thread/WARN] [net.minecraft.server.MinecraftServer/]: Can't keep up! Is the server overloaded? Running 3911ms or 78 ticks behind
[10Apr2025 00:25:55.709] [Server thread/INFO] [net.minecraft.server.MinecraftServer/]: geotrush has made the advancement [Suit Up]
[10Apr2025 00:26:02.625] [Server thread/INFO] [net.minecraft.world.entity.npc.Villager/]: Villager Villager['Gerry'/50, l='ServerLevel[world]', x=224.00, y=67.00, z=112.22] died, message: 'Gerry was slain by Remanent'
[10Apr2025 00:26:02.627] [Server thread/INFO] [net.minecraft.world.entity.LivingEntity/]: Named entity Villager['Gerry'/50, l='ServerLevel[world]', x=224.00, y=67.00, z=112.22] died: Gerry was slain by Remanent
[10Apr2025 00:26:03.362] [Server thread/WARN] [net.minecraft.server.MinecraftServer/]: Can't keep up! Is the server overloaded? Running 4070ms or 81 ticks behind
[10Apr2025 00:26:22.208] [Server thread/WARN] [net.minecraft.server.MinecraftServer/]: Can't keep up! Is the server overloaded? Running 3865ms or 77 ticks behind
[10Apr2025 00:26:40.881] [Server thread/WARN] [net.minecraft.server.MinecraftServer/]: Can't keep up! Is the server overloaded? Running 3688ms or 73 ticks behind
[10Apr2025 00:26:59.519] [Server thread/WARN] [net.minecraft.server.MinecraftServer/]: Can't keep up! Is the server overloaded? Running 3677ms or 73 ticks behind
[10Apr2025 00:27:18.344] [Server thread/WARN] [net.minecraft.server.MinecraftServer/]: Can't keep up! Is the server overloaded? Running 3851ms or 77 ticks behind
[10Apr2025 00:27:37.279] [Server thread/WARN] [net.minecraft.server.MinecraftServer/]: Can't keep up! Is the server overloaded? Running 3936ms or 78 ticks behind
[10Apr2025 00:27:56.222] [Server thread/WARN] [net.minecraft.server.MinecraftServer/]: Can't keep up! Is the server overloaded? Running 3979ms or 79 ticks behind
[10Apr2025 00:28:15.426] [Server thread/WARN] [net.minecraft.server.MinecraftServer/]: Can't keep up! Is the server overloaded? Running 4233ms or 84 ticks behind
[10Apr2025 00:28:25.641] [Server thread/INFO] [net.minecraft.server.MinecraftServer/]: geotrush has made the advancement [Isn't It Iron Pick]
[10Apr2025 00:28:34.153] [Server thread/WARN] [net.minecraft.server.MinecraftServer/]: Can't keep up! Is the server overloaded? Running 3760ms or 75 ticks behind
[10Apr2025 00:28:52.822] [Server thread/WARN] [net.minecraft.server.MinecraftServer/]: Can't keep up! Is the server overloaded? Running 3679ms or 73 ticks behind
[10Apr2025 00:29:11.508] [Server thread/WARN] [net.minecraft.server.MinecraftServer/]: Can't keep up! Is the server overloaded? Running 3715ms or 74 ticks behind
